Arguments: 
  D:\developmentEnvironment\nodejs\node.exe D:\developmentEnvironment\nodejs\node_global\node_modules\yarn\bin\yarn.js add dxk-pages --dev

PATH: 
  C:\Program Files (x86)\NVIDIA Corporation\PhysX\Common;C:\Program Files (x86)\Common Files\Oracle\Java\javapath;C:\Python39\Scripts\;C:\Python39\;C:\Windows\system32;C:\Windows;C:\Windows\System32\Wbem;C:\Windows\System32\WindowsPowerShell\v1.0\;C:\Windows\System32\OpenSSH\;C:\Program Files\NVIDIA Corporation\NVIDIA NvDLISR;C:\WINDOWS\system32;C:\WINDOWS;C:\WINDOWS\System32\Wbem;C:\WINDOWS\System32\WindowsPowerShell\v1.0\;C:\WINDOWS\System32\OpenSSH\;D:\developmentEnvironment\nodejs\;C:\ProgramData\chocolatey\bin;C:\Program Files\Java\jdk1.8.0_301\bin;C:\Program Files\Java\jdk1.8.0_301\jre\bin;D:\software\Git\cmd;C:\Program Files\Common Files\Autodesk Shared\;C:\Program Files\Microsoft SQL Server\120\Tools\Binn\;C:\Users\Chocolates\AppData\Local\Microsoft\WindowsApps;D:\developmentTools\Microsoft VS Code\bin;D:\developmentEnvironment\nodejs\node_global;;D:\developmentTools\IntelliJ IDEA 2021.2\bin;

Yarn version: 
  1.22.18

Node version: 
  14.17.1

Platform: 
  win32 x64

Trace: 
  Error: http://registry.npm.taobao.org/dxk-pages: [NOT_FOUND] dxk-pages not found
      at Request.params.callback [as _callback] (D:\developmentEnvironment\nodejs\node_global\node_modules\yarn\lib\cli.js:66138:18)
      at Request.self.callback (D:\developmentEnvironment\nodejs\node_global\node_modules\yarn\lib\cli.js:140883:22)
      at Request.emit (events.js:375:28)
      at Request.<anonymous> (D:\developmentEnvironment\nodejs\node_global\node_modules\yarn\lib\cli.js:141855:10)
      at Request.emit (events.js:375:28)
      at Gunzip.<anonymous> (D:\developmentEnvironment\nodejs\node_global\node_modules\yarn\lib\cli.js:141777:12)
      at Object.onceWrapper (events.js:481:28)
      at Gunzip.emit (events.js:375:28)
      at endReadableNT (internal/streams/readable.js:1317:12)
      at processTicksAndRejections (internal/process/task_queues.js:82:21)

npm manifest: 
  {
    "name": "dxk-pages-demo",
    "version": "1.0.0",
    "main": "index.js",
    "license": "MIT"
  }

yarn manifest: 
  No manifest

Lockfile: 
  No lockfile
