Arguments: 
  D:\Programs\nodejs\node.exe C:\Users\dxk\AppData\Roaming\npm\node_modules\yarn\bin\yarn.js add yeoman-genetator

PATH: 
  C:\Python39\Scripts\;C:\Python39\;D:\Programs\Python\Scripts\;D:\Programs\Python\;C:\WINDOWS\system32;C:\WINDOWS;C:\WINDOWS\System32\Wbem;C:\WINDOWS\System32\WindowsPowerShell\v1.0\;C:\WINDOWS\System32\OpenSSH\;D:\Programs\mysql-8.0.16-winx64\mysql-8.0.16-winx64\bin;"D:\java\jdk1.8.0_181\bin;";D:\java\jdk1.8.0_181\jre\bin;D:\Programs\apache-maven-3.5.4\bin;C:\ProgramData\chocolatey\bin;C:\Program Files (x86)\Git\cmd;D:\Programs\Go\bin;D:\Programs\matlab\2020b\polyspace\bin;D:\node_modules\allure-commandline\bin;D:\testscript\visualWebsite\visualWebsite\;D:\Gradle\gradle-6.6.1\bin;D:\Program Files\PuTTY\;D:\Program Files\WinSCP\;D:\Programs\MongoDB\bin;C:\Python27;%NVM_HOME%;%NVM_SYMLINK%;D:\Programs\nodejs\;C:\Program Files\Common Files\Autodesk Shared\;C:\Users\dxk\AppData\Local\pnpm;C:\Users\dxk\AppData\Local\Microsoft\WindowsApps;D:\Programs\IntelliJ IDEA\IntelliJ IDEA 2020.1.1\bin;;D:\Programs\PyCharm Community Edition 2019.3.4\bin;;C:\Users\dxk\go\bin;D:\Programs\GoLand 2020.1.1\bin;;D:\Programs\Microsoft VS Code\bin;C:\Users\dxk\AppData\Local\GitHubDesktop\bin;D:\Programs\Webstorm\WebStorm 2021.1.3\bin;;D:\Programs\nvm;D:\Programs\nodejs;C:\Users\dxk\AppData\Roaming\npm

Yarn version: 
  1.22.10

Node version: 
  14.18.2

Platform: 
  win32 x64

Trace: 
  Error: http://registry.npm.taobao.org/yeoman-genetator: [NOT_FOUND] yeoman-genetator not found
      at Request.params.callback [as _callback] (C:\Users\dxk\AppData\Roaming\npm\node_modules\yarn\lib\cli.js:66988:18)
      at Request.self.callback (C:\Users\dxk\AppData\Roaming\npm\node_modules\yarn\lib\cli.js:140662:22)
      at Request.emit (events.js:400:28)
      at Request.<anonymous> (C:\Users\dxk\AppData\Roaming\npm\node_modules\yarn\lib\cli.js:141634:10)
      at Request.emit (events.js:400:28)
      at Gunzip.<anonymous> (C:\Users\dxk\AppData\Roaming\npm\node_modules\yarn\lib\cli.js:141556:12)
      at Object.onceWrapper (events.js:519:28)
      at Gunzip.emit (events.js:400:28)
      at endReadableNT (internal/streams/readable.js:1334:12)
      at processTicksAndRejections (internal/process/task_queues.js:82:21)

npm manifest: 
  {
    "name": "01-generator-sample",
    "version": "1.0.0",
    "main": "index.js",
    "license": "MIT"
  }

yarn manifest: 
  No manifest

Lockfile: 
  No lockfile
